-- The C compiler identification is GNU 11.4.0
-- The CXX compiler identification is GNU 11.4.0
-- Detecting C compiler ABI info
-- Detecting C compiler ABI info - done
-- Check for working C compiler: /usr/bin/cc - skipped
-- Detecting C compile features
-- Detecting C compile features - done
-- Detecting CXX compiler ABI info
-- Detecting CXX compiler ABI info - done
-- Check for working CXX compiler: /usr/bin/c++ - skipped
-- Detecting CXX compile features
-- Detecting CXX compile features - done
-- Found ament_cmake: 2.0.7 (/opt/ros/iron/share/ament_cmake/cmake)
-- Found Python3: /usr/bin/python3.10 (found version "3.10.12") found components: Interpreter 
-- Found ament_lint_auto: 0.14.4 (/opt/ros/iron/share/ament_lint_auto/cmake)
-- Added test 'cppcheck' to perform static code analysis on C / C++ code
-- Configured cppcheck include dirs: 
-- Configured cppcheck exclude dirs and/or files: 
-- Added test 'lint_cmake' to check CMake code style
-- Added test 'uncrustify' to check C / C++ code style
-- Configured uncrustify additional arguments: 
-- Added test 'xmllint' to check XML markup files
-- Configuring done
-- Generating done
-- Build files have been written to: /home/l2e6/ros_space/uvlarm-wall-e/build/pkg-mvt
-- Install configuration: ""
-- Installing: /home/l2e6/ros_space/uvlarm-wall-e/install/pkg-mvt/share/ament_index/resource_index/package_run_dependencies/pkg-mvt
-- Installing: /home/l2e6/ros_space/uvlarm-wall-e/install/pkg-mvt/share/ament_index/resource_index/parent_prefix_path/pkg-mvt
-- Installing: /home/l2e6/ros_space/uvlarm-wall-e/install/pkg-mvt/share/pkg-mvt/environment/ament_prefix_path.sh
-- Installing: /home/l2e6/ros_space/uvlarm-wall-e/install/pkg-mvt/share/pkg-mvt/environment/ament_prefix_path.dsv
-- Installing: /home/l2e6/ros_space/uvlarm-wall-e/install/pkg-mvt/share/pkg-mvt/environment/path.sh
-- Installing: /home/l2e6/ros_space/uvlarm-wall-e/install/pkg-mvt/share/pkg-mvt/environment/path.dsv
-- Installing: /home/l2e6/ros_space/uvlarm-wall-e/install/pkg-mvt/share/pkg-mvt/local_setup.bash
-- Installing: /home/l2e6/ros_space/uvlarm-wall-e/install/pkg-mvt/share/pkg-mvt/local_setup.sh
-- Installing: /home/l2e6/ros_space/uvlarm-wall-e/install/pkg-mvt/share/pkg-mvt/local_setup.zsh
-- Installing: /home/l2e6/ros_space/uvlarm-wall-e/install/pkg-mvt/share/pkg-mvt/local_setup.dsv
-- Installing: /home/l2e6/ros_space/uvlarm-wall-e/install/pkg-mvt/share/pkg-mvt/package.dsv
-- Installing: /home/l2e6/ros_space/uvlarm-wall-e/install/pkg-mvt/share/ament_index/resource_index/packages/pkg-mvt
-- Installing: /home/l2e6/ros_space/uvlarm-wall-e/install/pkg-mvt/share/pkg-mvt/cmake/pkg-mvtConfig.cmake
-- Installing: /home/l2e6/ros_space/uvlarm-wall-e/install/pkg-mvt/share/pkg-mvt/cmake/pkg-mvtConfig-version.cmake
-- Installing: /home/l2e6/ros_space/uvlarm-wall-e/install/pkg-mvt/share/pkg-mvt/package.xml
-- Installing: /home/l2e6/ros_space/uvlarm-wall-e/install/pkg-mvt/lib/pkg-mvt/mvt
