[0.009s] Invoking command in '/home/l2e6/ros_space/uvlarm-wall-e/build/pkg-mvt': CMAKE_PREFIX_PATH=${CMAKE_PREFIX_PATH}:/opt/ros/iron /usr/bin/cmake /home/l2e6/ros_space/uvlarm-wall-e -DCMAKE_INSTALL_PREFIX=/home/l2e6/ros_space/uvlarm-wall-e/install/pkg-mvt
[0.052s] -- The C compiler identification is GNU 11.4.0
[0.095s] -- The CXX compiler identification is GNU 11.4.0
[0.101s] -- Detecting C compiler ABI info
[0.157s] -- Detecting C compiler ABI info - done
[0.163s] -- Check for working C compiler: /usr/bin/cc - skipped
[0.164s] -- Detecting C compile features
[0.164s] -- Detecting C compile features - done
[0.167s] -- Detecting CXX compiler ABI info
[0.230s] -- Detecting CXX compiler ABI info - done
[0.237s] -- Check for working CXX compiler: /usr/bin/c++ - skipped
[0.237s] -- Detecting CXX compile features
[0.238s] -- Detecting CXX compile features - done
[0.240s] -- Found ament_cmake: 2.0.7 (/opt/ros/iron/share/ament_cmake/cmake)
[0.386s] -- Found Python3: /usr/bin/python3.10 (found version "3.10.12") found components: Interpreter 
[0.469s] -- Found ament_lint_auto: 0.14.4 (/opt/ros/iron/share/ament_lint_auto/cmake)
[0.545s] -- Added test 'cppcheck' to perform static code analysis on C / C++ code
[0.545s] -- Configured cppcheck include dirs: 
[0.545s] -- Configured cppcheck exclude dirs and/or files: 
[0.547s] -- Added test 'lint_cmake' to check CMake code style
[0.553s] -- Added test 'uncrustify' to check C / C++ code style
[0.553s] -- Configured uncrustify additional arguments: 
[0.554s] -- Added test 'xmllint' to check XML markup files
[0.555s] -- Configuring done
[0.558s] -- Generating done
[0.561s] -- Build files have been written to: /home/l2e6/ros_space/uvlarm-wall-e/build/pkg-mvt
[0.566s] Invoked command in '/home/l2e6/ros_space/uvlarm-wall-e/build/pkg-mvt' returned '0': CMAKE_PREFIX_PATH=${CMAKE_PREFIX_PATH}:/opt/ros/iron /usr/bin/cmake /home/l2e6/ros_space/uvlarm-wall-e -DCMAKE_INSTALL_PREFIX=/home/l2e6/ros_space/uvlarm-wall-e/install/pkg-mvt
[0.566s] Invoking command in '/home/l2e6/ros_space/uvlarm-wall-e/build/pkg-mvt': CMAKE_PREFIX_PATH=${CMAKE_PREFIX_PATH}:/opt/ros/iron /usr/bin/cmake --build /home/l2e6/ros_space/uvlarm-wall-e/build/pkg-mvt -- -j8 -l8
[0.596s] Invoked command in '/home/l2e6/ros_space/uvlarm-wall-e/build/pkg-mvt' returned '0': CMAKE_PREFIX_PATH=${CMAKE_PREFIX_PATH}:/opt/ros/iron /usr/bin/cmake --build /home/l2e6/ros_space/uvlarm-wall-e/build/pkg-mvt -- -j8 -l8
[0.603s] Invoking command in '/home/l2e6/ros_space/uvlarm-wall-e/build/pkg-mvt': CMAKE_PREFIX_PATH=${CMAKE_PREFIX_PATH}:/opt/ros/iron /usr/bin/cmake --install /home/l2e6/ros_space/uvlarm-wall-e/build/pkg-mvt
[0.610s] -- Install configuration: ""
[0.610s] -- Installing: /home/l2e6/ros_space/uvlarm-wall-e/install/pkg-mvt/share/ament_index/resource_index/package_run_dependencies/pkg-mvt
[0.610s] -- Installing: /home/l2e6/ros_space/uvlarm-wall-e/install/pkg-mvt/share/ament_index/resource_index/parent_prefix_path/pkg-mvt
[0.610s] -- Installing: /home/l2e6/ros_space/uvlarm-wall-e/install/pkg-mvt/share/pkg-mvt/environment/ament_prefix_path.sh
[0.610s] -- Installing: /home/l2e6/ros_space/uvlarm-wall-e/install/pkg-mvt/share/pkg-mvt/environment/ament_prefix_path.dsv
[0.611s] -- Installing: /home/l2e6/ros_space/uvlarm-wall-e/install/pkg-mvt/share/pkg-mvt/environment/path.sh
[0.611s] -- Installing: /home/l2e6/ros_space/uvlarm-wall-e/install/pkg-mvt/share/pkg-mvt/environment/path.dsv
[0.611s] -- Installing: /home/l2e6/ros_space/uvlarm-wall-e/install/pkg-mvt/share/pkg-mvt/local_setup.bash
[0.611s] -- Installing: /home/l2e6/ros_space/uvlarm-wall-e/install/pkg-mvt/share/pkg-mvt/local_setup.sh
[0.611s] -- Installing: /home/l2e6/ros_space/uvlarm-wall-e/install/pkg-mvt/share/pkg-mvt/local_setup.zsh
[0.611s] -- Installing: /home/l2e6/ros_space/uvlarm-wall-e/install/pkg-mvt/share/pkg-mvt/local_setup.dsv
[0.611s] -- Installing: /home/l2e6/ros_space/uvlarm-wall-e/install/pkg-mvt/share/pkg-mvt/package.dsv
[0.611s] -- Installing: /home/l2e6/ros_space/uvlarm-wall-e/install/pkg-mvt/share/ament_index/resource_index/packages/pkg-mvt
[0.611s] -- Installing: /home/l2e6/ros_space/uvlarm-wall-e/install/pkg-mvt/share/pkg-mvt/cmake/pkg-mvtConfig.cmake
[0.611s] -- Installing: /home/l2e6/ros_space/uvlarm-wall-e/install/pkg-mvt/share/pkg-mvt/cmake/pkg-mvtConfig-version.cmake
[0.611s] -- Installing: /home/l2e6/ros_space/uvlarm-wall-e/install/pkg-mvt/share/pkg-mvt/package.xml
[0.612s] -- Installing: /home/l2e6/ros_space/uvlarm-wall-e/install/pkg-mvt/lib/pkg-mvt/mvt
[0.614s] Invoked command in '/home/l2e6/ros_space/uvlarm-wall-e/build/pkg-mvt' returned '0': CMAKE_PREFIX_PATH=${CMAKE_PREFIX_PATH}:/opt/ros/iron /usr/bin/cmake --install /home/l2e6/ros_space/uvlarm-wall-e/build/pkg-mvt
